<?xml version="1.0" encoding="UTF-8"?>
<testsuite xmlns:xsi="http://www.w3.org/2001/XMLSchema-instance" xsi:noNamespaceSchemaLocation="https://maven.apache.org/surefire/maven-surefire-plugin/xsd/surefire-test-report-3.0.xsd" version="3.0" name="com.project.CloudStorage.CloudStorageApplicationTests" time="4.828" tests="1" errors="0" skipped="0" failures="0">
  <properties>
[...]
</properties>
  <testcase name="contextLoads" classname="com.project.CloudStorage.CloudStorageApplicationTests" time="0.448">
    <system-out><![CDATA[16:53:56.398 [main] INFO org.springframework.test.context.support.AnnotationConfigContextLoaderUtils -- Could not detect default configuration classes for test class [com.project.CloudStorage.CloudStorageApplicationTests]: CloudStorageApplicationTests does not declare any static, non-private, non-final, nested classes annotated with @Configuration.
16:53:56.486 [main] INFO org.springframework.boot.test.context.SpringBootTestContextBootstrapper -- Found @SpringBootConfiguration com.project.CloudStorage.CloudStorageApplication for test class com.project.CloudStorage.CloudStorageApplicationTests

  .   ____          _            __ _ _
 /\\ / ___'_ __ _ _(_)_ __  __ _ \ \ \ \
( ( )\___ | '_ | '_| | '_ \/ _` | \ \ \ \
 \\/  ___)| |_)| | | | | || (_| |  ) ) ) )
  '  |____| .__|_| |_|_| |_\__, | / / / /
 =========|_|==============|___/=/_/_/_/
 :: Spring Boot ::                (v3.1.0)

2023-05-30T16:53:56.889+02:00  INFO 25200 --- [           main] c.p.C.CloudStorageApplicationTests       : Starting CloudStorageApplicationTests using Java 19.0.1 with PID 25200 (started by user in C:\Users\user\IdeaProjects\CloudStorage\CloudStorage)
2023-05-30T16:53:56.891+02:00  INFO 25200 --- [           main] c.p.C.CloudStorageApplicationTests       : No active profile set, falling back to 1 default profile: "default"
2023-05-30T16:53:57.527+02:00  INFO 25200 --- [           main] .s.d.r.c.RepositoryConfigurationDelegate : Bootstrapping Spring Data JPA repositories in DEFAULT mode.
2023-05-30T16:53:57.596+02:00  INFO 25200 --- [           main] .s.d.r.c.RepositoryConfigurationDelegate : Finished Spring Data repository scanning in 56 ms. Found 1 JPA repository interfaces.
2023-05-30T16:53:58.044+02:00  INFO 25200 --- [           main] o.f.c.internal.license.VersionPrinter    : Flyway Community Edition 9.16.3 by Redgate
2023-05-30T16:53:58.044+02:00  INFO 25200 --- [           main] o.f.c.internal.license.VersionPrinter    : See release notes here: https://rd.gt/416ObMi
2023-05-30T16:53:58.044+02:00  INFO 25200 --- [           main] o.f.c.internal.license.VersionPrinter    : 
2023-05-30T16:53:58.055+02:00  INFO 25200 --- [           main] com.zaxxer.hikari.HikariDataSource       : HikariPool-1 - Starting...
2023-05-30T16:53:58.312+02:00  INFO 25200 --- [           main] com.zaxxer.hikari.pool.HikariPool        : HikariPool-1 - Added connection org.postgresql.jdbc.PgConnection@286855ea
2023-05-30T16:53:58.313+02:00  INFO 25200 --- [           main] com.zaxxer.hikari.HikariDataSource       : HikariPool-1 - Start completed.
2023-05-30T16:53:58.328+02:00  INFO 25200 --- [           main] o.f.c.i.database.base.BaseDatabaseType   : Database: jdbc:postgresql://localhost:5432/cloud_storage (PostgreSQL 15.3)
2023-05-30T16:53:58.379+02:00  INFO 25200 --- [           main] o.f.core.internal.command.DbValidate     : Successfully validated 2 migrations (execution time 00:00.029s)
2023-05-30T16:53:58.435+02:00  INFO 25200 --- [           main] o.f.core.internal.command.DbMigrate      : Current version of schema "public": 2
2023-05-30T16:53:58.436+02:00  INFO 25200 --- [           main] o.f.core.internal.command.DbMigrate      : Schema "public" is up to date. No migration necessary.
2023-05-30T16:53:58.534+02:00  INFO 25200 --- [           main] o.hibernate.jpa.internal.util.LogHelper  : HHH000204: Processing PersistenceUnitInfo [name: default]
2023-05-30T16:53:58.610+02:00  INFO 25200 --- [           main] org.hibernate.Version                    : HHH000412: Hibernate ORM core version 6.2.2.Final
2023-05-30T16:53:58.613+02:00  INFO 25200 --- [           main] org.hibernate.cfg.Environment            : HHH000406: Using bytecode reflection optimizer
2023-05-30T16:53:58.756+02:00  INFO 25200 --- [           main] o.h.b.i.BytecodeProviderInitiator        : HHH000021: Bytecode provider name : bytebuddy
2023-05-30T16:53:58.912+02:00  INFO 25200 --- [           main] o.s.o.j.p.SpringPersistenceUnitInfo      : No LoadTimeWeaver setup: ignoring JPA class transformer
2023-05-30T16:53:58.962+02:00  INFO 25200 --- [           main] org.hibernate.orm.dialect                : HHH035001: Using dialect: org.hibernate.dialect.PostgreSQLDialect, version: org.hibernate.engine.jdbc.env.internal.JdbcEnvironmentInitiator$DialectResolutionInfoImpl@46b6701e
2023-05-30T16:53:59.178+02:00  INFO 25200 --- [           main] o.h.b.i.BytecodeProviderInitiator        : HHH000021: Bytecode provider name : bytebuddy
2023-05-30T16:53:59.784+02:00  INFO 25200 --- [           main] o.h.e.t.j.p.i.JtaPlatformInitiator       : HHH000490: Using JtaPlatform implementation: [org.hibernate.engine.transaction.jta.platform.internal.NoJtaPlatform]
2023-05-30T16:53:59.852+02:00  INFO 25200 --- [           main] j.LocalContainerEntityManagerFactoryBean : Initialized JPA EntityManagerFactory for persistence unit 'default'
2023-05-30T16:54:00.319+02:00  WARN 25200 --- [           main] JpaBaseConfiguration$JpaWebConfiguration : spring.jpa.open-in-view is enabled by default. Therefore, database queries may be performed during view rendering. Explicitly configure spring.jpa.open-in-view to disable this warning
2023-05-30T16:54:00.613+02:00  INFO 25200 --- [           main] c.p.C.CloudStorageApplicationTests       : Started CloudStorageApplicationTests in 3.992 seconds (process running for 4.852)
]]></system-out>
  </testcase>
</testsuite>